[    0.000000] Linux version 4.15.0-121-generic (buildd@lgw01-amd64-034) (gcc version 7.5.0 (Ubuntu 7.5.0-3ubuntu1~18.04)) #123-Ubuntu SMP Mon Oct 5 16:16:40 UTC 2020 (Ubuntu 4.15.0-121.123-generic 4.15.18)
[    0.000000] Command line: BOOT_IMAGE=/boot/vmlinuz-4.15.0-121-generic root=LABEL=cloudimg-rootfs ro console=tty1 console=ttyS0
[    0.000000] KERNEL supported cpus:
[    0.000000]   Intel GenuineIntel
[    0.000000]   AMD AuthenticAMD
[    0.000000]   Centaur CentaurHauls
[    0.000000] x86/fpu: Supporting XSAVE feature 0x001: 'x87 floating point registers'
[    0.000000] x86/fpu: Supporting XSAVE feature 0x002: 'SSE registers'
[    0.000000] x86/fpu: Supporting XSAVE feature 0x004: 'AVX registers'
[    0.000000] x86/fpu: xstate_offset[2]:  576, xstate_sizes[2]:  256
[    0.000000] x86/fpu: Enabled xstate features 0x7, context size is 832 bytes, using 'standard' format.
[    0.000000] e820: BIOS-provided physical RAM map:
[    0.000000] BIOS-e820: [mem 0x0000000000000000-0x000000000009fbff] usable
[    0.000000] BIOS-e820: [mem 0x000000000009fc00-0x000000000009ffff] reserved
[    0.000000] BIOS-e820: [mem 0x00000000000f0000-0x00000000000fffff] reserved
[    0.000000] BIOS-e820: [mem 0x0000000000100000-0x000000003ffeffff] usable
[    0.000000] BIOS-e820: [mem 0x000000003fff0000-0x000000003fffffff] ACPI data
[    0.000000] BIOS-e820: [mem 0x00000000fec00000-0x00000000fec00fff] reserved
[    0.000000] BIOS-e820: [mem 0x00000000fee00000-0x00000000fee00fff] reserved
[    0.000000] BIOS-e820: [mem 0x00000000fffc0000-0x00000000ffffffff] reserved
[    0.000000] NX (Execute Disable) protection: active
[    0.000000] SMBIOS 2.5 present.
[    0.000000] DMI: innotek GmbH VirtualBox/VirtualBox, BIOS VirtualBox 12/01/2006
[    0.000000] Hypervisor detected: KVM
[    0.000000] e820: last_pfn = 0x3fff0 max_arch_pfn = 0x400000000
[    0.000000] MTRR: Disabled
[    0.000000] x86/PAT: MTRRs disabled, skipping PAT initialization too.
[    0.000000] CPU MTRRs all blank - virtualized system.
[    0.000000] x86/PAT: Configuration [0-7]: WB  WT  UC- UC  WB  WT  UC- UC  
[    0.000000] found SMP MP-table at [mem 0x0009fff0-0x0009ffff]
[    0.000000] Scanning 1 areas for low memory corruption
[    0.000000] RAMDISK: [mem 0x35a63000-0x36d28fff]
[    0.000000] ACPI: Early table checksum verification disabled
[    0.000000] ACPI: RSDP 0x00000000000E0000 000024 (v02 VBOX  )
[    0.000000] ACPI: XSDT 0x000000003FFF0030 00003C (v01 VBOX   VBOXXSDT 00000001 ASL  00000061)
[    0.000000] ACPI: FACP 0x000000003FFF00F0 0000F4 (v04 VBOX   VBOXFACP 00000001 ASL  00000061)
[    0.000000] ACPI: DSDT 0x000000003FFF0470 002325 (v02 VBOX   VBOXBIOS 00000002 INTL 20100528)
[    0.000000] ACPI: FACS 0x000000003FFF0200 000040
[    0.000000] ACPI: FACS 0x000000003FFF0200 000040
[    0.000000] ACPI: APIC 0x000000003FFF0240 00005C (v02 VBOX   VBOXAPIC 00000001 ASL  00000061)
[    0.000000] ACPI: SSDT 0x000000003FFF02A0 0001CC (v01 VBOX   VBOXCPUT 00000002 INTL 20100528)
[    0.000000] No NUMA configuration found
[    0.000000] Faking a node at [mem 0x0000000000000000-0x000000003ffeffff]
[    0.000000] NODE_DATA(0) allocated [mem 0x3ffc5000-0x3ffeffff]
[    0.000000] kvm-clock: cpu 0, msr 0:3ff44001, primary cpu clock
[    0.000000] kvm-clock: Using msrs 4b564d01 and 4b564d00
[    0.000000] kvm-clock: using sched offset of 7848174354 cycles
[    0.000000] clocksource: kvm-clock: mask: 0xffffffffffffffff max_cycles: 0x1cd42e4dffb, max_idle_ns: 881590591483 ns
[    0.000000] Zone ranges:
[    0.000000]   DMA      [mem 0x0000000000001000-0x0000000000ffffff]
[    0.000000]   DMA32    [mem 0x0000000001000000-0x000000003ffeffff]
[    0.000000]   Normal   empty
[    0.000000]   Device   empty
[    0.000000] Movable zone start for each node
[    0.000000] Early memory node ranges
[    0.000000]   node   0: [mem 0x0000000000001000-0x000000000009efff]
[    0.000000]   node   0: [mem 0x0000000000100000-0x000000003ffeffff]
[    0.000000] Reserved but unavailable: 98 pages
[    0.000000] Initmem setup node 0 [mem 0x0000000000001000-0x000000003ffeffff]
[    0.000000] ACPI: PM-Timer IO Port: 0x4008
[    0.000000] IOAPIC[0]: apic_id 2, version 32, address 0xfec00000, GSI 0-23
[    0.000000] ACPI: INT_SRC_OVR (bus 0 bus_irq 0 global_irq 2 dfl dfl)
[    0.000000] ACPI: INT_SRC_OVR (bus 0 bus_irq 9 global_irq 9 low level)
[    0.000000] Using ACPI (MADT) for SMP configuration information
[    0.000000] smpboot: Allowing 2 CPUs, 0 hotplug CPUs
[    0.000000] PM: Registered nosave memory: [mem 0x00000000-0x00000fff]
[    0.000000] PM: Registered nosave memory: [mem 0x0009f000-0x0009ffff]
[    0.000000] PM: Registered nosave memory: [mem 0x000a0000-0x000effff]
[    0.000000] PM: Registered nosave memory: [mem 0x000f0000-0x000fffff]
[    0.000000] e820: [mem 0x40000000-0xfebfffff] available for PCI devices
[    0.000000] Booting paravirtualized kernel on KVM
[    0.000000] clocksource: refined-jiffies: mask: 0xffffffff max_cycles: 0xffffffff, max_idle_ns: 7645519600211568 ns
[    0.000000] random: get_random_bytes called from start_kernel+0x99/0x500 with crng_init=0
[    0.000000] setup_percpu: NR_CPUS:8192 nr_cpumask_bits:2 nr_cpu_ids:2 nr_node_ids:1
[    0.000000] percpu: Embedded 45 pages/cpu s147456 r8192 d28672 u1048576
[    0.000000] PV qspinlock hash table entries: 256 (order: 0, 4096 bytes)
[    0.000000] Built 1 zonelists, mobility grouping on.  Total pages: 257913
[    0.000000] Policy zone: DMA32
[    0.000000] Kernel command line: BOOT_IMAGE=/boot/vmlinuz-4.15.0-121-generic root=LABEL=cloudimg-rootfs ro console=tty1 console=ttyS0
[    0.000000] Memory: 983024K/1048120K available (12300K kernel code, 2482K rwdata, 4272K rodata, 2436K init, 2724K bss, 65096K reserved, 0K cma-reserved)
[    0.000000] SLUB: HWalign=64, Order=0-3, MinObjects=0, CPUs=2, Nodes=1
[    0.000000] Kernel/User page tables isolation: enabled
[    0.000000] ftrace: allocating 39402 entries in 154 pages
[    0.004000] Hierarchical RCU implementation.
[    0.004000] 	RCU restricting CPUs from NR_CPUS=8192 to nr_cpu_ids=2.
[    0.004000] 	Tasks RCU enabled.
[    0.004000] RCU: Adjusting geometry for rcu_fanout_leaf=16, nr_cpu_ids=2
[    0.004000] NR_IRQS: 524544, nr_irqs: 440, preallocated irqs: 16
[    0.004000] Console: colour VGA+ 80x25
[    0.004000] console [tty1] enabled
[    0.004000] console [ttyS0] enabled
[    0.004000] ACPI: Core revision 20170831
[    0.004000] ACPI: 2 ACPI AML tables successfully acquired and loaded
[    0.004000] APIC: Switch to symmetric I/O mode setup
[    0.004000] x2apic enabled
[    0.004000] Switched APIC routing to physical x2apic.
[    0.006973] ..TIMER: vector=0x30 apic1=0 pin1=2 apic2=-1 pin2=-1
[    0.008006] tsc: Detected 1991.999 MHz processor
[    0.010157] Calibrating delay loop (skipped) preset value.. 3983.99 BogoMIPS (lpj=7967996)
[    0.012006] pid_max: default: 32768 minimum: 301
[    0.016073] Security Framework initialized
[    0.018075] Yama: becoming mindful.
[    0.020047] AppArmor: AppArmor initialized
[    0.024098] Dentry cache hash table entries: 131072 (order: 8, 1048576 bytes)
[    0.028128] Inode-cache hash table entries: 65536 (order: 7, 524288 bytes)
[    0.031181] Mount-cache hash table entries: 2048 (order: 2, 16384 bytes)
[    0.032014] Mountpoint-cache hash table entries: 2048 (order: 2, 16384 bytes)
[    0.036570] Last level iTLB entries: 4KB 64, 2MB 8, 4MB 8
[    0.040006] Last level dTLB entries: 4KB 64, 2MB 0, 4MB 0, 1GB 4
[    0.044009] Spectre V1 : Mitigation: usercopy/swapgs barriers and __user pointer sanitization
[    0.048006] Spectre V2 : Mitigation: Full generic retpoline
[    0.049952] Spectre V2 : Spectre v2 / SpectreRSB mitigation: Filling RSB on context switch
[    0.052004] Speculative Store Bypass: Vulnerable
[    0.053762] SRBDS: Unknown: Dependent on hypervisor status
[    0.056004] MDS: Mitigation: Clear CPU buffers
[    0.058137] Freeing SMP alternatives memory: 36K
[    0.172000] smpboot: CPU0: Intel(R) Core(TM) i3-6006U CPU @ 2.00GHz (family: 0x6, model: 0x4e, stepping: 0x3)
[    0.172000] Performance Events: unsupported p6 CPU model 78 no PMU driver, software events only.
[    0.172069] Hierarchical SRCU implementation.
[    0.175328] NMI watchdog: Perf event create on CPU 0 failed with -2
[    0.176005] NMI watchdog: Perf NMI watchdog permanently disabled
[    0.180074] smp: Bringing up secondary CPUs ...
[    0.184166] x86: Booting SMP configuration:
[    0.186899] .... node  #0, CPUs:      #1
[    0.004000] kvm-clock: cpu 1, msr 0:3ff44041, secondary cpu clock
[    0.195100] smp: Brought up 1 node, 2 CPUs
[    0.196009] smpboot: Max logical packages: 1
[    0.197715] smpboot: Total of 2 processors activated (7967.99 BogoMIPS)
[    0.200192] devtmpfs: initialized
[    0.201602] x86/mm: Memory block size: 128MB
[    0.204279] evm: security.selinux
[    0.205769] evm: security.SMACK64
[    0.208006] evm: security.SMACK64EXEC
[    0.209517] evm: security.SMACK64TRANSMUTE
[    0.211373] evm: security.SMACK64MMAP
[    0.212004] evm: security.apparmor
[    0.213647] evm: security.ima
[    0.216004] evm: security.capability
[    0.217694] clocksource: jiffies: mask: 0xffffffff max_cycles: 0xffffffff, max_idle_ns: 7645041785100000 ns
[    0.220041] futex hash table entries: 512 (order: 3, 32768 bytes)
[    0.228000] pinctrl core: initialized pinctrl subsystem
[    0.228217] RTC time: 14:16:03, date: 10/30/20
[    0.232247] NET: Registered protocol family 16
[    0.234158] audit: initializing netlink subsys (disabled)
[    0.236053] audit: type=2000 audit(1604067372.775:1): state=initialized audit_enabled=0 res=1
[    0.240030] cpuidle: using governor ladder
[    0.241567] cpuidle: using governor menu
[    0.243115] ACPI: bus type PCI registered
[    0.244008] acpiphp: ACPI Hot Plug PCI Controller Driver version: 0.5
[    0.246424] PCI: Using configuration type 1 for base access
[    0.252087] HugeTLB registered 2.00 MiB page size, pre-allocated 0 pages
[    0.256113] ACPI: Added _OSI(Module Device)
[    0.257715] ACPI: Added _OSI(Processor Device)
[    0.259689] ACPI: Added _OSI(3.0 _SCP Extensions)
[    0.260028] ACPI: Added _OSI(Processor Aggregator Device)
[    0.264020] ACPI: Added _OSI(Linux-Dell-Video)
[    0.265873] ACPI: Added _OSI(Linux-Lenovo-NV-HDMI-Audio)
[    0.268000] ACPI: Added _OSI(Linux-HPI-Hybrid-Graphics)
[    0.268687] ACPI: Executed 1 blocks of module-level executable AML code
[    0.283065] ACPI: Interpreter enabled
[    0.284030] ACPI: (supports S0 S5)
[    0.285874] ACPI: Using IOAPIC for interrupt routing
[    0.288660] PCI: Using host bridge windows from ACPI; if necessary, use "pci=nocrs" and report a bug
[    0.292519] ACPI: Enabled 2 GPEs in block 00 to 07
[    0.316000] ACPI: PCI Root Bridge [PCI0] (domain 0000 [bus 00-ff])
[    0.316015] acpi PNP0A03:00: _OSC: OS supports [ASPM ClockPM Segments MSI]
[    0.321541] acpi PNP0A03:00: _OSC: not requesting OS control; OS requires [ExtendedConfig ASPM ClockPM MSI]
[    0.324029] acpi PNP0A03:00: fail to add MMCONFIG information, can't access extended PCI configuration space under this bridge.
[    0.332239] PCI host bridge to bus 0000:00
[    0.334381] pci_bus 0000:00: root bus resource [io  0x0000-0x0cf7 window]
[    0.336011] pci_bus 0000:00: root bus resource [io  0x0d00-0xffff window]
[    0.340009] pci_bus 0000:00: root bus resource [mem 0x000a0000-0x000bffff window]
[    0.344008] pci_bus 0000:00: root bus resource [mem 0x40000000-0xfdffffff window]
[    0.348010] pci_bus 0000:00: root bus resource [bus 00-ff]
[    0.357410] pci 0000:00:01.1: legacy IDE quirk: reg 0x10: [io  0x01f0-0x01f7]
[    0.360010] pci 0000:00:01.1: legacy IDE quirk: reg 0x14: [io  0x03f6]
[    0.364006] pci 0000:00:01.1: legacy IDE quirk: reg 0x18: [io  0x0170-0x0177]
[    0.368014] pci 0000:00:01.1: legacy IDE quirk: reg 0x1c: [io  0x0376]
[    0.412294] pci 0000:00:07.0: quirk: [io  0x4000-0x403f] claimed by PIIX4 ACPI
[    0.415454] pci 0000:00:07.0: quirk: [io  0x4100-0x410f] claimed by PIIX4 SMB
[    0.432037] ACPI: PCI Interrupt Link [LNKA] (IRQs 5 9 10 *11)
[    0.436184] ACPI: PCI Interrupt Link [LNKB] (IRQs 5 9 *10 11)
[    0.439408] ACPI: PCI Interrupt Link [LNKC] (IRQs 5 *9 10 11)
[    0.440395] ACPI: PCI Interrupt Link [LNKD] (IRQs 5 9 10 *11)
[    0.445073] SCSI subsystem initialized
[    0.448160] pci 0000:00:02.0: vgaarb: setting as boot VGA device
[    0.450919] pci 0000:00:02.0: vgaarb: VGA device added: decodes=io+mem,owns=io+mem,locks=none
[    0.452019] pci 0000:00:02.0: vgaarb: bridge control possible
[    0.454839] vgaarb: loaded
[    0.456096] ACPI: bus type USB registered
[    0.457916] usbcore: registered new interface driver usbfs
[    0.460038] usbcore: registered new interface driver hub
[    0.462118] usbcore: registered new device driver usb
[    0.464192] EDAC MC: Ver: 3.0.0
[    0.468360] PCI: Using ACPI for IRQ routing
[    0.470742] NetLabel: Initializing
[    0.472010] NetLabel:  domain hash size = 128
[    0.476006] NetLabel:  protocols = UNLABELED CIPSOv4 CALIPSO
[    0.479094] NetLabel:  unlabeled traffic allowed by default
[    0.480150] clocksource: Switched to clocksource kvm-clock
[    0.516610] VFS: Disk quotas dquot_6.6.0
[    0.518373] VFS: Dquot-cache hash table entries: 512 (order 0, 4096 bytes)
[    0.520926] AppArmor: AppArmor Filesystem Enabled
[    0.522678] pnp: PnP ACPI init
[    0.525893] pnp: PnP ACPI: found 3 devices
[    0.542627] clocksource: acpi_pm: mask: 0xffffff max_cycles: 0xffffff, max_idle_ns: 2085701024 ns
[    0.546588] NET: Registered protocol family 2
[    0.549273] TCP established hash table entries: 8192 (order: 4, 65536 bytes)
[    0.551835] TCP bind hash table entries: 8192 (order: 5, 131072 bytes)
[    0.558310] TCP: Hash tables configured (established 8192 bind 8192)
[    0.562288] UDP hash table entries: 512 (order: 2, 16384 bytes)
[    0.564376] UDP-Lite hash table entries: 512 (order: 2, 16384 bytes)
[    0.567481] NET: Registered protocol family 1
[    0.569359] pci 0000:00:00.0: Limiting direct PCI/PCI transfers
[    0.571394] pci 0000:00:01.0: Activating ISA DMA hang workarounds
[    0.573799] pci 0000:00:02.0: Video device with shadowed ROM at [mem 0x000c0000-0x000dffff]
[    0.577199] Unpacking initramfs...
[    1.214277] Freeing initrd memory: 19224K
[    1.217550] clocksource: tsc: mask: 0xffffffffffffffff max_cycles: 0x396d4ffc055, max_idle_ns: 881590662783 ns
[    1.222474] platform rtc_cmos: registered platform RTC device (no PNP device found)
[    1.227197] Scanning for low memory corruption every 60 seconds
[    1.235861] Initialise system trusted keyrings
[    1.237904] Key type blacklist registered
[    1.239553] workingset: timestamp_bits=36 max_order=18 bucket_order=0
[    1.244051] zbud: loaded
[    1.246147] squashfs: version 4.0 (2009/01/31) Phillip Lougher
[    1.248684] fuse init (API version 7.26)
[    1.256176] Key type asymmetric registered
[    1.257857] Asymmetric key parser 'x509' registered
[    1.259754] Block layer SCSI generic (bsg) driver version 0.4 loaded (major 246)
[    1.262827] io scheduler noop registered
[    1.264687] io scheduler deadline registered
[    1.266356] io scheduler cfq registered (default)
[    1.268690] ACPI: AC Adapter [AC] (off-line)
[    1.270572] input: Power Button as /devices/LNXSYSTM:00/LNXPWRBN:00/input/input0
[    1.273495] ACPI: Power Button [PWRF]
[    1.275035] input: Sleep Button as /devices/LNXSYSTM:00/LNXSLPBN:00/input/input1
[    1.277826] ACPI: Sleep Button [SLPF]
[    1.281544] ACPI: Battery Slot [BAT0] (battery present)
[    1.283687] Serial: 8250/16550 driver, 32 ports, IRQ sharing enabled
[    1.308685] 00:02: ttyS0 at I/O 0x3f8 (irq = 4, base_baud = 115200) is a 16550A
[    1.314795] Linux agpgart interface v0.103
[    1.319557] loop: module loaded
[    1.322583] scsi host0: ata_piix
[    1.324620] scsi host1: ata_piix
[    1.326333] ata1: PATA max UDMA/33 cmd 0x1f0 ctl 0x3f6 bmdma 0xd000 irq 14
[    1.329676] ata2: PATA max UDMA/33 cmd 0x170 ctl 0x376 bmdma 0xd008 irq 15
[    1.333271] libphy: Fixed MDIO Bus: probed
[    1.335979] tun: Universal TUN/TAP device driver, 1.6
[    1.340128] PPP generic driver version 2.4.2
[    1.342345] ehci_hcd: USB 2.0 'Enhanced' Host Controller (EHCI) Driver
[    1.345555] ehci-pci: EHCI PCI platform driver
[    1.347825] ehci-platform: EHCI generic platform driver
[    1.350622] ohci_hcd: USB 1.1 'Open' Host Controller (OHCI) Driver
[    1.353182] ohci-pci: OHCI PCI platform driver
[    1.354990] ohci-platform: OHCI generic platform driver
[    1.358169] uhci_hcd: USB Universal Host Controller Interface driver
[    1.360539] i8042: PNP: PS/2 Controller [PNP0303:PS2K,PNP0f03:PS2M] at 0x60,0x64 irq 1,12
[    1.364626] serio: i8042 KBD port at 0x60,0x64 irq 1
[    1.366853] serio: i8042 AUX port at 0x60,0x64 irq 12
[    1.370954] mousedev: PS/2 mouse device common for all mice
[    1.374308] input: AT Translated Set 2 keyboard as /devices/platform/i8042/serio0/input/input2
[    1.377839] rtc_cmos rtc_cmos: rtc core: registered rtc_cmos as rtc0
[    1.380733] rtc_cmos rtc_cmos: alarms up to one day, 114 bytes nvram
[    1.383253] i2c /dev entries driver
[    1.384770] device-mapper: uevent: version 1.0.3
[    1.386875] device-mapper: ioctl: 4.37.0-ioctl (2017-09-20) initialised: dm-devel@redhat.com
[    1.390484] ledtrig-cpu: registered to indicate activity on CPUs
[    1.394155] NET: Registered protocol family 10
[    1.402922] Segment Routing with IPv6
[    1.404494] NET: Registered protocol family 17
[    1.406521] Key type dns_resolver registered
[    1.408570] mce: Using 0 MCE banks
[    1.409981] RAS: Correctable Errors collector initialized.
[    1.412036] sched_clock: Marking stable (1408530233, 0)->(1832757510, -424227277)
[    1.416526] registered taskstats version 1
[    1.418169] Loading compiled-in X.509 certificates
[    1.424951] Loaded X.509 cert 'Build time autogenerated kernel key: 517b2180bafe62ad6f81db3336688475b28504c0'
[    1.429717] zswap: loaded using pool lzo/zbud
[    1.439789] Key type big_key registered
[    1.441852] Key type trusted registered
[    1.447579] Key type encrypted registered
[    1.449846] AppArmor: AppArmor sha1 policy hashing enabled
[    1.454516] ima: No TPM chip found, activating TPM-bypass! (rc=-19)
[    1.457338] ima: Allocated hash algorithm: sha1
[    1.459243] evm: HMAC attrs: 0x1
[    1.461477]   Magic number: 8:484:284
[    1.463500] rtc_cmos rtc_cmos: setting system clock to 2020-10-30 14:16:04 UTC (1604067364)
[    1.468251] BIOS EDD facility v0.16 2004-Jun-25, 0 devices found
[    1.471181] EDD information not available.
[    1.547613] Freeing unused kernel image memory: 2436K
[    1.560098] Write protecting the kernel read-only data: 20480k
[    1.564613] Freeing unused kernel image memory: 2008K
[    1.568159] Freeing unused kernel image memory: 1872K
[    1.592130] x86/mm: Checked W+X mappings: passed, no W+X pages found.
[    1.595447] x86/mm: Checking user space page tables
[    1.617673] x86/mm: Checked W+X mappings: passed, no W+X pages found.
Loading, please wait...
starting version 237
[    1.784283] e1000: Intel(R) PRO/1000 Network Driver - version 7.3.21-k8-NAPI
[    1.789122] e1000: Copyright (c) 1999-2006 Intel Corporation.
[    1.810085] Fusion MPT base driver 3.04.20
[    1.813445] Copyright (c) 1999-2008 LSI Corporation
[    1.832322] Fusion MPT SPI Host driver 3.04.20
[    1.853711] AVX2 version of gcm_enc/dec engaged.
[    1.859485] AES CTR mode by8 optimization enabled
[    2.027945] input: ImExPS/2 Generic Explorer Mouse as /devices/platform/i8042/serio1/input/input4
[    2.384679] e1000 0000:00:03.0 eth0: (PCI:33MHz:32-bit) 02:c6:b0:25:69:cb
[    2.387950] e1000 0000:00:03.0 eth0: Intel(R) PRO/1000 Network Connection
[    2.394244] mptbase: ioc0: Initiating bringup
[    2.394446] e1000 0000:00:03.0 enp0s3: renamed from eth0
[    2.741128] ioc0: LSI53C1030 A0: Capabilities={Initiator}
[    4.998944] scsi host2: ioc0: LSI53C1030 A0, FwRev=00000000h, Ports=1, MaxQ=256, IRQ=20
[    6.237415] scsi 2:0:0:0: Direct-Access     VBOX     HARDDISK         1.0  PQ: 0 ANSI: 5
[    6.272723] scsi target2:0:0: Beginning Domain Validation
[    6.278072] scsi target2:0:0: Domain Validation skipping write tests
[    6.281156] scsi target2:0:0: Ending Domain Validation
[    6.283689] scsi target2:0:0: asynchronous
[    6.286907] scsi 2:0:1:0: Direct-Access     VBOX     HARDDISK         1.0  PQ: 0 ANSI: 5
[    6.320583] scsi target2:0:1: Beginning Domain Validation
[    6.325009] random: fast init done
[    6.335918] scsi target2:0:1: Domain Validation skipping write tests
[    6.338388] scsi target2:0:1: Ending Domain Validation
[    6.341243] scsi target2:0:1: asynchronous
[    6.352546] random: systemd-udevd: uninitialized urandom read (16 bytes read)
[    6.355911] random: systemd-udevd: uninitialized urandom read (16 bytes read)
[    6.360308] random: systemd-udevd: uninitialized urandom read (16 bytes read)
[    6.364424] sd 2:0:0:0: Attached scsi generic sg0 type 0
[    6.364566] sd 2:0:0:0: [sda] 20971520 512-byte logical blocks: (10.7 GB/10.0 GiB)
[    6.371232] sd 2:0:0:0: [sda] Write Protect is off
[    6.373861] sd 2:0:1:0: Attached scsi generic sg1 type 0
[    6.374206] sd 2:0:0:0: [sda] Incomplete mode parameter data
[    6.378484] sd 2:0:0:0: [sda] Assuming drive cache: write through
[    6.381236] sd 2:0:1:0: [sdb] 20480 512-byte logical blocks: (10.5 MB/10.0 MiB)
[    6.384679] sd 2:0:1:0: [sdb] Write Protect is off
[    6.387150] sd 2:0:1:0: [sdb] Incomplete mode parameter data
[    6.389565] sd 2:0:1:0: [sdb] Assuming drive cache: write through
[    6.394203]  sda: sda1
[    6.398671] sd 2:0:0:0: [sda] Attached SCSI disk
[    6.419046] sd 2:0:1:0: [sdb] Attached SCSI disk
Begin: Loading essential drivers ... [    8.874442] raid6: sse2x1   gen()  4837 MB/s
[    8.932112] raid6: sse2x1   xor()  3686 MB/s
[    8.980855] raid6: sse2x2   gen()  6327 MB/s
[    9.028361] raid6: sse2x2   xor()  4038 MB/s
[    9.076110] raid6: sse2x4   gen()  7150 MB/s
[    9.124076] raid6: sse2x4   xor()  4911 MB/s
[    9.172058] raid6: avx2x1   gen()  9634 MB/s
[    9.220073] raid6: avx2x1   xor()  6824 MB/s
[    9.268037] raid6: avx2x2   gen() 12244 MB/s
[    9.316377] raid6: avx2x2   xor()  6660 MB/s
[    9.364220] raid6: avx2x4   gen() 13698 MB/s
[    9.412030] raid6: avx2x4   xor()  8470 MB/s
[    9.414160] raid6: using algorithm avx2x4 gen() 13698 MB/s
[    9.416690] raid6: .... xor() 8470 MB/s, rmw enabled
[    9.419153] raid6: using avx2x2 recovery algorithm
[    9.424395] xor: automatically using best checksumming function   avx       
[    9.430938] async_tx: api initialized (async)
done.
Begin: Running /scripts/init-premount ... done.
Begin: Mounting root file system ... Begin: Running /scripts/local-top ... done.
Begin: Running /scripts/local-premount ... [    9.547979] Btrfs loaded, crc32c=crc32c-intel
Scanning for Btrfs filesystems
done.
Warning: fsck not present, so skipping root file system
[    9.629350] EXT4-fs (sda1): INFO: recovery required on readonly filesystem
[    9.632081] EXT4-fs (sda1): write access will be enabled during recovery
[   10.059166] EXT4-fs (sda1): orphan cleanup on readonly fs
[   10.062202] EXT4-fs (sda1): 1 orphan inode deleted
[   10.064083] EXT4-fs (sda1): recovery complete
[   10.069036] EXT4-fs (sda1): mounted filesystem with ordered data mode. Opts: (null)
done.
Begin: Running /scripts/local-bottom ... done.
Begin: Running /scripts/init-bottom ... done.
[   11.411735] random: crng init done
[   11.414099] random: 7 urandom warning(s) missed due to ratelimiting
[   11.645629] ip_tables: (C) 2000-2006 Netfilter Core Team
[   11.779276] systemd[1]: systemd 237 running in system mode. (+PAM +AUDIT +SELINUX +IMA +APPARMOR +SMACK +SYSVINIT +UTMP +LIBCRYPTSETUP +GCRYPT +GNUTLS +ACL +XZ +LZ4 +SECCOMP +BLKID +ELFUTILS +KMOD -IDN2 +IDN -PCRE2 default-hierarchy=hybrid)
[   11.802053] systemd[1]: Detected virtualization oracle.
[   11.804658] systemd[1]: Detected architecture x86-64.

Welcome to [1mUbuntu 18.04.5 LTS[0m!

[   11.849517] systemd[1]: Set hostname to <ubuntu-bionic>.
[   14.314262] systemd[1]: Reached target Swap.
[[0;32m  OK  [0m] Reached target Swap.
[   14.328486] systemd[1]: Started Forward Password Requests to Wall Directory Watch.
[[0;32m  OK  [0m] Started Forward Password Requests to Wall Directory Watch.
[   14.334232] systemd[1]: Reached target User and Group Name Lookups.
[[0;32m  OK  [0m] Reached target User and Group Name Lookups.
[   14.339213] systemd[1]: Set up automount Arbitrary Executable File Formats File System Automount Point.
[[0;32m  OK  [0m] Set up automount Arbitrary Executab…rmats File System Automount Point.
[   14.345828] systemd[1]: Reached target System Time Synchronized.
[[0;32m  OK  [0m] Reached target System Time Synchronized.
[   14.356088] systemd[1]: Created slice System Slice.
[[0;32m  OK  [0m] Created slice System Slice.
[[0;32m  OK  [0m] Listening on Journal Audit Socket.
[[0;32m  OK  [0m] Listening on LVM2 poll daemon socket.
[[0;32m  OK  [0m] Listening on /dev/initctl Compatibility Named Pipe.
[[0;32m  OK  [0m] Listening on LVM2 metadata daemon socket.
[[0;32m  OK  [0m] Listening on Journal Socket (/dev/log).
[[0;32m  OK  [0m] Listening on Syslog Socket.
[[0;32m  OK  [0m] Listening on Device-mapper event daemon FIFOs.
[[0;32m  OK  [0m] Listening on Journal Socket.
         Mounting Huge Pages File System...
         Starting Create list of required st…ce nodes for the current kernel...
         Starting Set the console keyboard layout...
[[0;32m  OK  [0m] Listening on udev Kernel Socket.
         Mounting POSIX Message Queue File System...
[[0;32m  OK  [0m] Listening on Network Service Netlink Socket.
         Mounting Kernel Debug File System...
         Starting Uncomplicated firewall...
[[0;32m  OK  [0m] Listening on udev Control Socket.
         Starting udev Coldplug all Devices...
         Starting Journal Service...
         Starting Monitoring of LVM2 mirrors…ng dmeventd or progress polling...
[[0;32m  OK  [0m] Created slice system-serial\x2dgetty.slice.
         Starting Remount Root and Kernel File Systems...
         Starting Load Kernel Modules...
[[0;32m  OK  [0m] Created slice User and Session Slice.
[[0;32m  OK  [0m] Reached target Slices.
[[0;32m  OK  [0m] Mounted Huge Pages File System.
[[0;32m  OK  [0m] Started Create list of required sta…vice nodes for the current kernel.
[[0;32m  OK  [0m] Mounted POSIX Message Queue File System.
[[0;32m  OK  [0m] Mounted Kernel Debug File System.
[[0;32m  OK  [0m] Started Uncomplicated firewall.
         Starting Create Static Device Nodes in /dev...
[   14.910761] EXT4-fs (sda1): re-mounted. Opts: (null)
[[0;32m  OK  [0m] Started Remount Root and Kernel File Systems.
         Starting Load/Save Random Seed...
[[0;32m  OK  [0m] Started udev Coldplug all Devices.
[[0;32m  OK  [0m] Started Journal Service.
         Starting Flush Journal to Persistent Storage...
[[0;32m  OK  [0m] Started Set the console keyboard layout.
[[0;32m  OK  [0m] Started Load/Save Random Seed.
[   15.617746] Loading iSCSI transport class v2.0-870.
[   15.634546] systemd-journald[418]: Received request to flush runtime journal from PID 1
[   15.798066] iscsi: registered transport (tcp)
[[0;32m  OK  [0m] Started Create Static Device Nodes in /dev.
         Starting udev Kernel Device Manager...
[[0;32m  OK  [0m] Started LVM2 metadata daemon.
[   16.806191] systemd-journald[418]: File /var/log/journal/51acb0d79949481bb26452d01b79dde5/system.journal corrupted or uncleanly shut down, renaming and replacing.
[   16.819542] iscsi: registered transport (iser)
[[0;32m  OK  [0m] Started Load Kernel Modules.
         Starting Apply Kernel Variables...
         Mounting FUSE Control File System...
         Mounting Kernel Configuration File System...
[[0;32m  OK  [0m] Mounted FUSE Control File System.
[[0;32m  OK  [0m] Mounted Kernel Configuration File System.
[[0;32m  OK  [0m] Started Monitoring of LVM2 mirrors,…sing dmeventd or progress polling.
[[0;32m  OK  [0m] Reached target Local File Systems (Pre).
         Mounting /vagrant...
[[0;32m  OK  [0m] Reached target Local File Systems.
         Starting Set console font and keymap...
         Starting ebtables ruleset management...
         Starting Tell Plymouth To Write Out Runtime Data...
         Starting AppArmor initialization...
[[0;32m  OK  [0m] Started Apply Kernel Variables.
[[0;32m  OK  [0m] Started Set console font and keymap.
[[0;32m  OK  [0m] Started Tell Plymouth To Write Out Runtime Data.
[[0;32m  OK  [0m] Mounted /vagrant.
[[0;32m  OK  [0m] Started udev Kernel Device Manager.
[[0;32m  OK  [0m] Started Dispatch Password Requests to Console Directory Watch.
[[0;32m  OK  [0m] Reached target Local Encrypted Volumes.
[[0;32m  OK  [0m] Started Flush Journal to Persistent Storage.
         Starting Create Volatile Files and Directories...
[[0;32m  OK  [0m] Started ebtables ruleset management.
[[0;32m  OK  [0m] Started Create Volatile Files and Directories.
         Starting Update UTMP about System Boot/Shutdown...
[[0;32m  OK  [0m] Started Update UTMP about System Boot/Shutdown.
[[0;32m  OK  [0m] Found device /dev/ttyS0.
[[0;32m  OK  [0m] Started AppArmor initialization.
         Starting Load AppArmor profiles managed internally by snapd...
         Starting Initial cloud-init job (pre-networking)...
[[0;32m  OK  [0m] Listening on Load/Save RF Kill Switch Status /dev/rfkill Watch.
[[0;32m  OK  [0m] Started Load AppArmor profiles managed internally by snapd.
[   23.903953] cloud-init[560]: Cloud-init v. 20.3-2-g371b392c-0ubuntu1~18.04.1 running 'init-local' at Fri, 30 Oct 2020 14:16:26 +0000. Up 23.02 seconds.
[[0;32m  OK  [0m] Started Initial cloud-init job (pre-networking).
[[0;32m  OK  [0m] Reached target Network (Pre).
         Starting Network Service...
[[0;32m  OK  [0m] Started Network Service.
         Starting Network Name Resolution...
         Starting Wait for Network to be Configured...
[[0;32m  OK  [0m] Started Network Name Resolution.
[[0;32m  OK  [0m] Reached target Host and Network Name Lookups.
[[0;32m  OK  [0m] Reached target Network.
[[0;32m  OK  [0m] Started Wait for Network to be Configured.
         Starting Initial cloud-init job (metadata service crawler)...
[   27.109818] cloud-init[689]: Cloud-init v. 20.3-2-g371b392c-0ubuntu1~18.04.1 running 'init' at Fri, 30 Oct 2020 14:16:29 +0000. Up 26.58 seconds.
[   27.128343] cloud-init[689]: ci-info: ++++++++++++++++++++++++++++++++++++++Net device info++++++++++++++++++++++++++++++++++++++
[   27.131698] cloud-init[689]: ci-info: +--------+------+----------------------------+---------------+--------+-------------------+
[   27.134891] cloud-init[689]: ci-info: | Device |  Up  |          Address           |      Mask     | Scope  |     Hw-Address    |
[   27.137956] cloud-init[689]: ci-info: +--------+------+----------------------------+---------------+--------+-------------------+
[   27.140999] cloud-init[689]: ci-info: | enp0s3 | True |         10.0.2.15          | 255.255.255.0 | global | 02:c6:b0:25:69:cb |
[   27.144839] cloud-init[689]: ci-info: | enp0s3 | True | fe80::c6:b0ff:fe25:69cb/64 |       .       |  link  | 02:c6:b0:25:69:cb |
[   27.148095] cloud-init[689]: ci-info: |   lo   | True |         127.0.0.1          |   255.0.0.0   |  host  |         .         |
[   27.151111] cloud-init[689]: ci-info: |   lo   | True |          ::1/128           |       .       |  host  |         .         |
[   27.153937] cloud-init[689]: ci-info: +--------+------+----------------------------+---------------+--------+-------------------+
[   27.157129] cloud-init[689]: ci-info: ++++++++++++++++++++++++++++Route IPv4 info+++++++++++++++++++++++++++++
[   27.159847] cloud-init[689]: ci-info: +-------+-------------+----------+-----------------+-----------+-------+
[   27.161985] cloud-init[689]: ci-info: | Route | Destination | Gateway  |     Genmask     | Interface | Flags |
[   27.172292] cloud-init[689]: ci-info: +-------+-------------+----------+-----------------+-----------+-------+
[   27.184376] cloud-init[689]: ci-info: |   0   |   0.0.0.0   | 10.0.2.2 |     0.0.0.0     |   enp0s3  |   UG  |
[   27.187233] cloud-init[689]: ci-info: |   1   |   10.0.2.0  | 0.0.0.0  |  255.255.255.0  |   enp0s3  |   U   |
[   27.188992] cloud-init[689]: ci-info: |   2   |   10.0.2.2  | 0.0.0.0  | 255.255.255.255 |   enp0s3  |   UH  |
[   27.200663] cloud-init[689]: ci-info: +-------+-------------+----------+-----------------+-----------+-------+
[   27.212385] cloud-init[689]: ci-info: +++++++++++++++++++Route IPv6 info+++++++++++++++++++
[   27.215275] cloud-init[689]: ci-info: +-------+-------------+---------+-----------+-------+
[   27.217582] cloud-init[689]: ci-info: | Route | Destination | Gateway | Interface | Flags |
[   27.232743] cloud-init[689]: ci-info: +-------+-------------+---------+-----------+-------+
[   27.248313] cloud-init[689]: ci-info: |   1   |  fe80::/64  |    ::   |   enp0s3  |   U   |
[   27.249680] cloud-init[689]: ci-info: |   3   |    local    |    ::   |   enp0s3  |   U   |
[   27.260952] cloud-init[689]: ci-info: |   4   |   ff00::/8  |    ::   |   enp0s3  |   U   |
[   27.263143] cloud-init[689]: ci-info: +-------+-------------+---------+-----------+-------+
[[0;32m  OK  [0m] Started Initial cloud-init job (metadata service crawler).
[[0;32m  OK  [0m] Reached target Cloud-config availability.
[[0;32m  OK  [0m] Reached target System Initialization.
         Starting Socket activation for snappy daemon.
[[0;32m  OK  [0m] Started Discard unused blocks once a week.
[[0;32m  OK  [0m] Listening on ACPID Listen Socket.
[[0;32m  OK  [0m] Listening on Open-iSCSI iscsid Socket.
[[0;32m  OK  [0m] Started Daily Cleanup of Temporary Directories.
[[0;32m  OK  [0m] Started Message of the Day.
[[0;32m  OK  [0m] Listening on UUID daemon activation socket.
[[0;32m  OK  [0m] Started ACPI Events Check.
[[0;32m  OK  [0m] Reached target Paths.
[[0;32m  OK  [0m] Started Daily apt upgrade and clean activities.
         Starting LXD - unix socket.
[[0;32m  OK  [0m] Listening on D-Bus System Message Bus Socket.
[[0;32m  OK  [0m] Reached target Timers.
[[0;32m  OK  [0m] Reached target Network is Online.
[[0;32m  OK  [0m] Reached target Remote File Systems (Pre).
[[0;32m  OK  [0m] Reached target Remote File Systems.
         Starting Availability of block devices...
[[0;32m  OK  [0m] Listening on Socket activation for snappy daemon.
[[0;32m  OK  [0m] Listening on LXD - unix socket.
[[0;32m  OK  [0m] Started Availability of block devices.
[[0;32m  OK  [0m] Reached target Sockets.
[[0;32m  OK  [0m] Reached target Basic System.
         Starting LXD - container startup/shutdown...
[[0;32m  OK  [0m] Started irqbalance daemon.
         Starting Accounts Service...
[[0;32m  OK  [0m] Started Regular background program processing daemon.
         Starting LSB: Record successful boot for GRUB...
[[0;32m  OK  [0m] Started FUSE filesystem for LXC.
         Starting Virtualbox guest utils...
[[0;32m  OK  [0m] Started Deferred execution scheduler.
         Starting System Logging Service...
         Starting LSB: automatic crash report generation...
         Starting Permit User Sessions...
         Starting OpenBSD Secure Shell server...
         Starting Dispatcher daemon for systemd-networkd...
         Starting Snap Daemon...
[[0;32m  OK  [0m] Started D-Bus System Message Bus.
         Starting Message of the Day...
         Starting Login Service...
[[0;32m  OK  [0m] Started System Logging Service.
[[0;32m  OK  [0m] Started Permit User Sessions.
         Starting Hold until boot process finishes up...
         Starting Terminate Plymouth Boot Screen...
[[0;32m  OK  [0m] Started Hold until boot process finishes up.
[[0;32m  OK  [0m] Started Terminate Plymouth Boot Screen.
         Starting Set console scheme...
[[0;32m  OK  [0m] Started Serial Getty on ttyS0.
[[0;32m  OK  [0m] Started OpenBSD Secure Shell server.
[[0;32m  OK  [0m] Started Set console scheme.
[[0;32m  OK  [0m] Created slice system-getty.slice.
[[0;32m  OK  [0m] Started Getty on tty1.
[[0;32m  OK  [0m] Reached target Login Prompts.
[[0;32m  OK  [0m] Started LSB: automatic crash report generation.
[[0;32m  OK  [0m] Started Login Service.
[[0;32m  OK  [0m] Started Unattended Upgrades Shutdown.
         Starting Authorization Manager...
[[0;32m  OK  [0m] Started LSB: Record successful boot for GRUB.
[[0;32m  OK  [0m] Started LXD - container startup/shutdown.
[[0;32m  OK  [0m] Started Authorization Manager.
[[0;32m  OK  [0m] Started Accounts Service.
[[0;32m  OK  [0m] Started Virtualbox guest utils.
[[0;32m  OK  [0m] Created slice User Slice of vagrant.
[[0;32m  OK  [0m] Started Dispatcher daemon for systemd-networkd.
[[0;32m  OK  [0m] Started Session 1 of user vagrant.
         Starting User Manager for UID 1000...

Ubuntu 18.04.5 LTS ubuntu-bionic ttyS0

ubuntu-bionic login: [   38.908190] cloud-init[1245]: Cloud-init v. 20.3-2-g371b392c-0ubuntu1~18.04.1 running 'modules:config' at Fri, 30 Oct 2020 14:16:41 +0000. Up 38.41 seconds.
[   41.269583] cloud-init[1318]: Cloud-init v. 20.3-2-g371b392c-0ubuntu1~18.04.1 running 'modules:final' at Fri, 30 Oct 2020 14:16:43 +0000. Up 40.76 seconds.
[   41.269973] cloud-init[1318]: Cloud-init v. 20.3-2-g371b392c-0ubuntu1~18.04.1 finished at Fri, 30 Oct 2020 14:16:44 +0000. Datasource DataSourceNoCloud [seed=/dev/sdb][dsmode=net].  Up 41.23 seconds
